生成启动时间为 2019/9/12 11:02:50。
     1>项目“C:\Users\0\Desktop\NavDataShow0910\NavDataShow\NavDataShow.vcxproj”在节点 2 上(Build 个目标)。
     1>ClCompile:
         D:\Program Files (x86)\Microsoft Visual Studio 12.0\VC\bin\CL.exe /c /Zi /nologo /W3 /WX- /sdl- /Od /Oi /Oy- /GL /D WIN32 /D _WINDOWS /D NDEBUG /D _MBCS /D _AFXDLL /Gm- /EHsc /MD /GS /Gy /fp:precise /Zc:wchar_t /Zc:forScope /Yu"stdafx.h" /Fp"Release\NavDataShow.pch" /Fo"Release\\" /Fd"Release\vc120.pdb" /Gd /TP /analyze- /errorReport:prompt ProtocolAnalysis.cpp
         ProtocolAnalysis.cpp
     1>c:\users\0\desktop\navdatashow0910\navdatashow\ProtocolAnalysis.h(11): warning C4091: “typedef ”: 没有声明变量时忽略“NetConnectPara”的左侧
     1>ProtocolAnalysis.cpp(121): warning C4018: “<”: 有符号/无符号不匹配
     1>ProtocolAnalysis.cpp(159): warning C4018: “<=”: 有符号/无符号不匹配
     1>ProtocolAnalysis.cpp(200): warning C4018: “<=”: 有符号/无符号不匹配
     1>ProtocolAnalysis.cpp(735): warning C4244: “=”: 从“double”转换到“float”，可能丢失数据
     1>ProtocolAnalysis.cpp(736): warning C4244: “=”: 从“double”转换到“float”，可能丢失数据
     1>ProtocolAnalysis.cpp(737): warning C4244: “=”: 从“double”转换到“float”，可能丢失数据
       Link:
         D:\Program Files (x86)\Microsoft Visual Studio 12.0\VC\bin\link.exe /ERRORREPORT:PROMPT /OUT:"C:\Users\0\Desktop\NavDataShow0910\Release\NavDataShow.exe" /INCREMENTAL:NO /NOLOGO /MANIFEST /MANIFESTUAC:"level='asInvoker' uiAccess='false'" /manifest:embed /manifestinput:"D:\Program Files (x86)\Microsoft Visual Studio 12.0\VC\Include\Manifest\dpiaware.manifest" /DEBUG /PDB:"C:\Users\0\Desktop\NavDataShow0910\Release\NavDataShow.pdb" /SUBSYSTEM:WINDOWS /OPT:REF /OPT:ICF /LTCG /TLBID:1 /DYNAMICBASE /NXCOMPAT /IMPLIB:"C:\Users\0\Desktop\NavDataShow0910\Release\NavDataShow.lib" /MACHINE:X86 /SAFESEH Release\NavDataShow.res
         Release\CDMLogInfo.obj
         Release\FileUtils.obj
         Release\Log.obj
         Release\NavDataShow.obj
         Release\NavDataShowDlg.obj
         Release\PointShow.obj
         Release\ProtocolAnalysis.obj
         Release\stdafx.obj
         Release\tchart1.obj
         正在生成代码
     1>c:\users\0\desktop\navdatashow0910\navdatashow\log.cpp(118): warning C4700: 使用了未初始化的局部变量“senddata”
         已完成代码的生成
         NavDataShow.vcxproj -> C:\Users\0\Desktop\NavDataShow0910\Release\NavDataShow.exe
     1>已完成生成项目“C:\Users\0\Desktop\NavDataShow0910\NavDataShow\NavDataShow.vcxproj”(Build 个目标)的操作。

生成成功。

已用时间 00:00:04.88
