c:\users\0\desktop\navdatashow0909\navdatashow\release\navdatashow.pch
c:\users\0\desktop\navdatashow0909\navdatashow\release\vc120.pdb
c:\users\0\desktop\navdatashow0909\navdatashow\release\stdafx.obj
c:\users\0\desktop\navdatashow0909\navdatashow\release\tchart1.obj
c:\users\0\desktop\navdatashow0909\navdatashow\release\protocolanalysis.obj
c:\users\0\desktop\navdatashow0909\navdatashow\release\pointshow.obj
c:\users\0\desktop\navdatashow0909\navdatashow\release\navdatashowdlg.obj
c:\users\0\desktop\navdatashow0909\navdatashow\release\navdatashow.obj
c:\users\0\desktop\navdatashow0909\navdatashow\release\log.obj
c:\users\0\desktop\navdatashow0909\navdatashow\release\fileutils.obj
c:\users\0\desktop\navdatashow0909\navdatashow\release\cdmloginfo.obj
c:\users\0\desktop\navdatashow0909\release\navdatashow.exe
c:\users\0\desktop\navdatashow0909\release\navdatashow.pdb
c:\users\0\desktop\navdatashow0909\navdatashow\release\navdatashow.res
c:\users\0\desktop\navdatashow0909\navdatashow\release\teechart8.tli
c:\users\0\desktop\navdatashow0909\navdatashow\release\teechart8.tlh
c:\users\0\desktop\navdatashow0909\navdatashow\release\navdatashow.tlog\cl.command.1.tlog
c:\users\0\desktop\navdatashow0909\navdatashow\release\navdatashow.tlog\cl.read.1.tlog
c:\users\0\desktop\navdatashow0909\navdatashow\release\navdatashow.tlog\cl.write.1.tlog
c:\users\0\desktop\navdatashow0909\navdatashow\release\navdatashow.tlog\link.command.1.tlog
c:\users\0\desktop\navdatashow0909\navdatashow\release\navdatashow.tlog\link.read.1.tlog
c:\users\0\desktop\navdatashow0909\navdatashow\release\navdatashow.tlog\link.write.1.tlog
c:\users\0\desktop\navdatashow0909\navdatashow\release\navdatashow.tlog\rc.command.1.tlog
c:\users\0\desktop\navdatashow0909\navdatashow\release\navdatashow.tlog\rc.read.1.tlog
c:\users\0\desktop\navdatashow0909\navdatashow\release\navdatashow.tlog\rc.write.1.tlog
